Build started 2014-07-13 23:51:13.
     1>Project "C:\Users\Wojciech\documents\visual studio 2013\Projects\Snake3D\Snake3D\Snake3D.vcxproj" on node 2 (Rebuild target(s)).
     1>ClCompile:
         C:\Program Files (x86)\Microsoft Visual Studio 12.0\VC\bin\CL.exe /c /ZI /nologo /W3 /WX- /sdl /Od /Oy- /D _MBCS /Gm /EHsc /RTC1 /MDd /GS /fp:precise /Zc:wchar_t /Zc:forScope /Fo"Debug\\" /Fd"Debug\vc120.pdb" /Gd /TP /analyze- /errorReport:prompt bmp.cpp food.cpp model.cpp main.cpp shaders.cpp snakePart.cpp
         snakePart.cpp
         shaders.cpp
         main.cpp
     1>c:\users\wojciech\documents\visual studio 2013\projects\snake3d\snake3d\main.cpp(200): warning C4244: 'argument' : conversion from 'time_t' to 'unsigned int', possible loss of data
         model.cpp
         food.cpp
         bmp.cpp
         Generating Code...
       Link:
         C:\Program Files (x86)\Microsoft Visual Studio 12.0\VC\bin\link.exe /ERRORREPORT:PROMPT /OUT:"C:\Users\Wojciech\documents\visual studio 2013\Projects\Snake3D\Debug\Snake3D.exe" /INCREMENTAL /NOLOGO glew32.lib kernel32.lib user32.lib gdi32.lib winspool.lib comdlg32.lib advapi32.lib shell32.lib ole32.lib oleaut32.lib uuid.lib odbc32.lib odbccp32.lib /MANIFEST /MANIFESTUAC:"level='asInvoker' uiAccess='false'" /manifest:embed /DEBUG /PDB:"C:\Users\Wojciech\documents\visual studio 2013\Projects\Snake3D\Debug\Snake3D.pdb" /TLBID:1 /DYNAMICBASE /NXCOMPAT /IMPLIB:"C:\Users\Wojciech\documents\visual studio 2013\Projects\Snake3D\Debug\Snake3D.lib" /MACHINE:X86 Debug\bmp.obj
         Debug\food.obj
         Debug\model.obj
         Debug\main.obj
         Debug\shaders.obj
         Debug\snakePart.obj
         Snake3D.vcxproj -> C:\Users\Wojciech\documents\visual studio 2013\Projects\Snake3D\Debug\Snake3D.exe
     1>Done Building Project "C:\Users\Wojciech\documents\visual studio 2013\Projects\Snake3D\Snake3D\Snake3D.vcxproj" (Rebuild target(s)).

Build succeeded.

Time Elapsed 00:00:08.07
